This file contains any messages produced by compilers while
running configure, to aid debugging if configure makes a mistake.

configure:548: checking host system type
configure:586: checking for gcc
configure:663: checking whether the C compiler (gcc  ) works
configure:677: gcc -o conftest    conftest.c  1>&5
configure:674:1: warning: return type defaults to 'int' [-Wimplicit-int]
 main(){return(0);}
 ^
configure:697: checking whether the C compiler (gcc  ) is a cross-compiler
configure:702: checking whether we are using GNU C
configure:711: gcc -E conftest.c
configure:726: checking whether gcc accepts -g
configure:756: checking for ranlib
configure:784: checking for pthread_key_create in -lpthread
configure:803: gcc -o conftest -g -O2   conftest.c -lpthread   1>&5
configure:886: checking for mq_open in -lposix4
configure:905: gcc -o conftest -g -O2 -D_REENTRANT   conftest.c -lposix4  -lpthread  1>&5
/usr/bin/ld: cannot find -lposix4
collect2: error: ld returned 1 exit status
configure: failed program was:
#line 894 "configure"
#include "confdefs.h"
/* Override any gcc2 internal prototype to avoid an error.  */
/* We use char because int might match the return type of a gcc2
    builtin and then its argument prototype would still apply.  */
char mq_open();

int main() {
mq_open()
; return 0; }
configure:934: checking for mq_open in -lrt
configure:953: gcc -o conftest -g -O2 -D_REENTRANT   conftest.c -lrt  -lpthread  1>&5
configure:982: checking for /root/libunpipc.a
configure:994: checking for /usr/lib/libnsl.so
configure:1003: checking how to run the C preprocessor
configure:1024: gcc -E  conftest.c >/dev/null 2>conftest.out
configure:1064: checking for ANSI C header files
configure:1077: gcc -E  conftest.c >/dev/null 2>conftest.out
configure:1144: gcc -o conftest -g -O2 -D_REENTRANT   conftest.c -lrt -lpthread  1>&5
configure: In function 'main':
configure:1139:67: warning: implicit declaration of function 'exit' [-Wimplicit-function-declaration]
 if (XOR (islower (i), ISLOWER (i)) || toupper (i) != TOUPPER (i)) exit(2);
                                                                   ^
configure:1139:67: warning: incompatible implicit declaration of built-in function 'exit'
configure:1139:67: note: include '<stdlib.h>' or provide a declaration of 'exit'
configure:1140:1: warning: incompatible implicit declaration of built-in function 'exit'
 exit (0); }
 ^
configure:1140:1: note: include '<stdlib.h>' or provide a declaration of 'exit'
configure:1171: checking for sys/types.h
configure:1181: gcc -E  conftest.c >/dev/null 2>conftest.out
configure:1171: checking for sys/time.h
configure:1181: gcc -E  conftest.c >/dev/null 2>conftest.out
configure:1171: checking for time.h
configure:1181: gcc -E  conftest.c >/dev/null 2>conftest.out
configure:1171: checking for errno.h
configure:1181: gcc -E  conftest.c >/dev/null 2>conftest.out
configure:1171: checking for fcntl.h
configure:1181: gcc -E  conftest.c >/dev/null 2>conftest.out
configure:1171: checking for limits.h
configure:1181: gcc -E  conftest.c >/dev/null 2>conftest.out
configure:1171: checking for signal.h
configure:1181: gcc -E  conftest.c >/dev/null 2>conftest.out
configure:1171: checking for stdio.h
configure:1181: gcc -E  conftest.c >/dev/null 2>conftest.out
configure:1171: checking for stdlib.h
configure:1181: gcc -E  conftest.c >/dev/null 2>conftest.out
configure:1171: checking for string.h
configure:1181: gcc -E  conftest.c >/dev/null 2>conftest.out
configure:1171: checking for sys/stat.h
configure:1181: gcc -E  conftest.c >/dev/null 2>conftest.out
configure:1171: checking for unistd.h
configure:1181: gcc -E  conftest.c >/dev/null 2>conftest.out
configure:1171: checking for sys/wait.h
configure:1181: gcc -E  conftest.c >/dev/null 2>conftest.out
configure:1171: checking for sys/ipc.h
configure:1181: gcc -E  conftest.c >/dev/null 2>conftest.out
configure:1171: checking for sys/msg.h
configure:1181: gcc -E  conftest.c >/dev/null 2>conftest.out
configure:1171: checking for sys/sem.h
configure:1181: gcc -E  conftest.c >/dev/null 2>conftest.out
configure:1171: checking for sys/shm.h
configure:1181: gcc -E  conftest.c >/dev/null 2>conftest.out
configure:1171: checking for mqueue.h
configure:1181: gcc -E  conftest.c >/dev/null 2>conftest.out
configure:1171: checking for semaphore.h
configure:1181: gcc -E  conftest.c >/dev/null 2>conftest.out
configure:1171: checking for sys/mman.h
configure:1181: gcc -E  conftest.c >/dev/null 2>conftest.out
configure:1171: checking for sys/select.h
configure:1181: gcc -E  conftest.c >/dev/null 2>conftest.out
configure:1171: checking for poll.h
configure:1181: gcc -E  conftest.c >/dev/null 2>conftest.out
configure:1171: checking for stropts.h
configure:1181: gcc -E  conftest.c >/dev/null 2>conftest.out
configure:1171: checking for strings.h
configure:1181: gcc -E  conftest.c >/dev/null 2>conftest.out
configure:1171: checking for sys/ioctl.h
configure:1181: gcc -E  conftest.c >/dev/null 2>conftest.out
configure:1171: checking for sys/filio.h
configure:1181: gcc -E  conftest.c >/dev/null 2>conftest.out
configure:1177:23: fatal error: sys/filio.h: No such file or directory
compilation terminated.
configure: failed program was:
#line 1176 "configure"
#include "confdefs.h"
#include <sys/filio.h>
configure:1171: checking for pthread.h
configure:1181: gcc -E  conftest.c >/dev/null 2>conftest.out
configure:1171: checking for door.h
configure:1181: gcc -E  conftest.c >/dev/null 2>conftest.out
configure:1177:18: fatal error: door.h: No such file or directory
 #include <$ac_hdr>
                  ^
compilation terminated.
configure: failed program was:
#line 1176 "configure"
#include "confdefs.h"
#include <door.h>
configure:1171: checking for rpc/rpc.h
configure:1181: gcc -E  conftest.c >/dev/null 2>conftest.out
configure:1171: checking for sys/sysctl.h
configure:1181: gcc -E  conftest.c >/dev/null 2>conftest.out
configure:1209: checking whether time.h and sys/time.h may both be included
configure:1223: gcc -c -g -O2 -D_REENTRANT  conftest.c 1>&5
configure:1244: checking if uint8_t defined
configure:1329: gcc -c -g -O2 -D_REENTRANT  conftest.c 1>&5
configure: In function 'main':
configure:1325:2: error: unknown type name 'uint8_t'
  uint8_t foo 
  ^
configure: failed program was:
#line 1249 "configure"
#include "confdefs.h"

#include	"confdefs.h"	/* the header built by configure so far */
#ifdef	HAVE_SYS_TYPES_H
#  include	<sys/types.h>
#endif
#ifdef	HAVE_SYS_SOCKET_H
#  include	<sys/socket.h>
#endif
#ifdef	HAVE_SYS_TIME_H
#  include    <sys/time.h>
#endif
#ifdef	HAVE_NETINET_IN_H
#  include    <netinet/in.h>
#endif
#ifdef	HAVE_ARPA_INET_H
#  include    <arpa/inet.h>
#endif
#ifdef	HAVE_ERRNO_H
#  include    <errno.h>
#endif
#ifdef	HAVE_FCNTL_H
#  include    <fcntl.h>
#endif
#ifdef	HAVE_LIMITS_H
#  include    <limits.h>
#endif
#ifdef	HAVE_NETDB_H
#  include	<netdb.h>
#endif
#ifdef	HAVE_SIGNAL_H
#  include	<signal.h>
#endif
#ifdef	HAVE_STDIO_H
#  include	<stdio.h>
#endif
#ifdef	HAVE_STDLIB_H
#  include	<stdlib.h>
#endif
#ifdef	HAVE_STRING_H
#  include	<string.h>
#endif
#ifdef	HAVE_SYS_STAT_H
#  include	<sys/stat.h>
#endif
#ifdef	HAVE_SYS_UIO_H
#  include	<sys/uio.h>
#endif
#ifdef	HAVE_UNISTD_H
#  include	<unistd.h>
#endif
#ifdef	HAVE_SYS_WAIT_H
#  include	<sys/wait.h>
#endif
#ifdef	HAVE_SYS_UN_H
#  include	<sys/un.h>
#endif
#ifdef	HAVE_SYS_SELECT_H
# include   <sys/select.h>
#endif
#ifdef	HAVE_STRINGS_H
# include   <strings.h>
#endif
#ifdef	HAVE_SYS_IOCTL_H
# include   <sys/ioctl.h>
#endif
#ifdef	HAVE_SYS_FILIO_H
# include   <sys/filio.h>
#endif
#ifdef	HAVE_SYS_SOCKIO_H
# include   <sys/sockio.h>
#endif
#ifdef	HAVE_PTHREAD_H
#  include	<pthread.h>
#endif
int main() {
 uint8_t foo 
; return 0; }
configure:1350: checking if int16_t defined
configure:1435: gcc -c -g -O2 -D_REENTRANT  conftest.c 1>&5
configure:1456: checking if uint16_t defined
configure:1541: gcc -c -g -O2 -D_REENTRANT  conftest.c 1>&5
configure: In function 'main':
configure:1537:2: error: unknown type name 'uint16_t'
  uint16_t foo 
  ^
configure: failed program was:
#line 1461 "configure"
#include "confdefs.h"

#include	"confdefs.h"	/* the header built by configure so far */
#ifdef	HAVE_SYS_TYPES_H
#  include	<sys/types.h>
#endif
#ifdef	HAVE_SYS_SOCKET_H
#  include	<sys/socket.h>
#endif
#ifdef	HAVE_SYS_TIME_H
#  include    <sys/time.h>
#endif
#ifdef	HAVE_NETINET_IN_H
#  include    <netinet/in.h>
#endif
#ifdef	HAVE_ARPA_INET_H
#  include    <arpa/inet.h>
#endif
#ifdef	HAVE_ERRNO_H
#  include    <errno.h>
#endif
#ifdef	HAVE_FCNTL_H
#  include    <fcntl.h>
#endif
#ifdef	HAVE_LIMITS_H
#  include    <limits.h>
#endif
#ifdef	HAVE_NETDB_H
#  include	<netdb.h>
#endif
#ifdef	HAVE_SIGNAL_H
#  include	<signal.h>
#endif
#ifdef	HAVE_STDIO_H
#  include	<stdio.h>
#endif
#ifdef	HAVE_STDLIB_H
#  include	<stdlib.h>
#endif
#ifdef	HAVE_STRING_H
#  include	<string.h>
#endif
#ifdef	HAVE_SYS_STAT_H
#  include	<sys/stat.h>
#endif
#ifdef	HAVE_SYS_UIO_H
#  include	<sys/uio.h>
#endif
#ifdef	HAVE_UNISTD_H
#  include	<unistd.h>
#endif
#ifdef	HAVE_SYS_WAIT_H
#  include	<sys/wait.h>
#endif
#ifdef	HAVE_SYS_UN_H
#  include	<sys/un.h>
#endif
#ifdef	HAVE_SYS_SELECT_H
# include   <sys/select.h>
#endif
#ifdef	HAVE_STRINGS_H
# include   <strings.h>
#endif
#ifdef	HAVE_SYS_IOCTL_H
# include   <sys/ioctl.h>
#endif
#ifdef	HAVE_SYS_FILIO_H
# include   <sys/filio.h>
#endif
#ifdef	HAVE_SYS_SOCKIO_H
# include   <sys/sockio.h>
#endif
#ifdef	HAVE_PTHREAD_H
#  include	<pthread.h>
#endif
int main() {
 uint16_t foo 
; return 0; }
configure:1562: checking if int32_t defined
configure:1647: gcc -c -g -O2 -D_REENTRANT  conftest.c 1>&5
configure:1668: checking if uint32_t defined
configure:1753: gcc -c -g -O2 -D_REENTRANT  conftest.c 1>&5
configure: In function 'main':
configure:1749:2: error: unknown type name 'uint32_t'
  uint32_t foo 
  ^
configure: failed program was:
#line 1673 "configure"
#include "confdefs.h"

#include	"confdefs.h"	/* the header built by configure so far */
#ifdef	HAVE_SYS_TYPES_H
#  include	<sys/types.h>
#endif
#ifdef	HAVE_SYS_SOCKET_H
#  include	<sys/socket.h>
#endif
#ifdef	HAVE_SYS_TIME_H
#  include    <sys/time.h>
#endif
#ifdef	HAVE_NETINET_IN_H
#  include    <netinet/in.h>
#endif
#ifdef	HAVE_ARPA_INET_H
#  include    <arpa/inet.h>
#endif
#ifdef	HAVE_ERRNO_H
#  include    <errno.h>
#endif
#ifdef	HAVE_FCNTL_H
#  include    <fcntl.h>
#endif
#ifdef	HAVE_LIMITS_H
#  include    <limits.h>
#endif
#ifdef	HAVE_NETDB_H
#  include	<netdb.h>
#endif
#ifdef	HAVE_SIGNAL_H
#  include	<signal.h>
#endif
#ifdef	HAVE_STDIO_H
#  include	<stdio.h>
#endif
#ifdef	HAVE_STDLIB_H
#  include	<stdlib.h>
#endif
#ifdef	HAVE_STRING_H
#  include	<string.h>
#endif
#ifdef	HAVE_SYS_STAT_H
#  include	<sys/stat.h>
#endif
#ifdef	HAVE_SYS_UIO_H
#  include	<sys/uio.h>
#endif
#ifdef	HAVE_UNISTD_H
#  include	<unistd.h>
#endif
#ifdef	HAVE_SYS_WAIT_H
#  include	<sys/wait.h>
#endif
#ifdef	HAVE_SYS_UN_H
#  include	<sys/un.h>
#endif
#ifdef	HAVE_SYS_SELECT_H
# include   <sys/select.h>
#endif
#ifdef	HAVE_STRINGS_H
# include   <strings.h>
#endif
#ifdef	HAVE_SYS_IOCTL_H
# include   <sys/ioctl.h>
#endif
#ifdef	HAVE_SYS_FILIO_H
# include   <sys/filio.h>
#endif
#ifdef	HAVE_SYS_SOCKIO_H
# include   <sys/sockio.h>
#endif
#ifdef	HAVE_PTHREAD_H
#  include	<pthread.h>
#endif
int main() {
 uint32_t foo 
; return 0; }
configure:1774: checking if size_t defined
configure:1859: gcc -c -g -O2 -D_REENTRANT  conftest.c 1>&5
configure:1880: checking if ssize_t defined
configure:1965: gcc -c -g -O2 -D_REENTRANT  conftest.c 1>&5
configure:1987: checking for gethostname function prototype in unistd.h
configure:2018: checking for getrusage function prototype in sys/resource.h
configure:2049: checking for isfdtype function prototype in sys/stat.h
configure:2080: checking for pselect function prototype in sys/select.h
configure:2111: checking for shm_open function prototype in sys/mman.h
configure:2199: checking for snprintf function prototype in stdio.h
configure:2230: checking for thr_setconcurrency function prototype in thread.h
configure:2236:20: fatal error: thread.h: No such file or directory
compilation terminated.
configure:2262: checking for siginfo_t{}
configure:2292: checking for timespec{}
configure:2323: checking for union semun
configure:2352: checking for /dev/zero
configure:2363: checking whether rpcgen supports -C option
configure:2381: checking for bzero
configure:2409: gcc -o conftest -g -O2 -D_REENTRANT   conftest.c -lrt -lpthread  1>&5
configure:2393:6: warning: conflicting types for built-in function 'bzero'
 char $ac_func();
      ^
configure:2436: checking for fattach
configure:2464: gcc -o conftest -g -O2 -D_REENTRANT   conftest.c -lrt -lpthread  1>&5
configure: In function 'main':
configure:2456:1: error: unknown type name 'choke'
 choke me
 ^
configure: failed program was:
#line 2441 "configure"
#include "confdefs.h"
/* System header to define __stub macros and hopefully few prototypes,
    which can conflict with char fattach(); below.  */
#include <assert.h>
/* Override any gcc2 internal prototype to avoid an error.  */
/* We use char because int might match the return type of a gcc2
    builtin and then its argument prototype would still apply.  */
char fattach();

int main() {

/* The GNU C library defines this for functions which it implements
    to always fail with ENOSYS.  Some functions are actually named
    something starting with __ and the normal name is an alias.  */
#if defined (__stub_fattach) || defined (__stub___fattach)
choke me
#else
fattach();
#endif

; return 0; }
configure:2491: checking for isfdtype
configure:2519: gcc -o conftest -g -O2 -D_REENTRANT   conftest.c -lrt -lpthread  1>&5
configure:2546: checking for poll
configure:2574: gcc -o conftest -g -O2 -D_REENTRANT   conftest.c -lrt -lpthread  1>&5
configure:2601: checking for pselect
configure:2629: gcc -o conftest -g -O2 -D_REENTRANT   conftest.c -lrt -lpthread  1>&5
configure:2656: checking for sigwait
configure:2684: gcc -o conftest -g -O2 -D_REENTRANT   conftest.c -lrt -lpthread  1>&5
configure:2711: checking for snprintf
configure:2739: gcc -o conftest -g -O2 -D_REENTRANT   conftest.c -lrt -lpthread  1>&5
configure:2723:6: warning: conflicting types for built-in function 'snprintf'
 char $ac_func();
      ^
configure:2766: checking for valloc
configure:2794: gcc -o conftest -g -O2 -D_REENTRANT   conftest.c -lrt -lpthread  1>&5
configure:2821: checking for vsnprintf
configure:2849: gcc -o conftest -g -O2 -D_REENTRANT   conftest.c -lrt -lpthread  1>&5
configure:2833:6: warning: conflicting types for built-in function 'vsnprintf'
 char $ac_func();
      ^
configure:2931: checking for -I/root/doc/unpv22e/src/include
